<?xml version="1.0" encoding="UTF-8"?>
<testng-results skipped="0" failed="0" ignored="0" total="5" passed="5">
  <reporter-output>
  </reporter-output>
  <suite name="Surefire suite" duration-ms="62099" started-at="2019-11-14T00:36:23 GMT" finished-at="2019-11-14T00:37:25 GMT">
    <groups>
      <group name="cucumber">
        <method signature="TestNGRunner.runScenario(io.cucumber.testng.PickleEventWrapper, io.cucumber.testng.CucumberFeatureWrapper)[pri:0, instance:com.equalexperts.runners.TestNGRunner@6e6c3152]" name="runScenario" class="com.equalexperts.runners.TestNGRunner"/>
      </group> <!-- cucumber -->
    </groups>
    <test name="Surefire test" duration-ms="62099" started-at="2019-11-14T00:36:23 GMT" finished-at="2019-11-14T00:37:25 GMT">
      <class name="com.equalexperts.runners.TestNGRunner">
        <test-method status="PASS" signature="testNgBeforeTest()[pri:0, instance:com.equalexperts.runners.TestNGRunner@6e6c3152]" name="testNgBeforeTest" is-config="true" duration-ms="18" started-at="2019-11-14T00:36:23 GMT" finished-at="2019-11-14T00:36:23 GMT">
          <reporter-output>
          </reporter-output>
        </test-method> <!-- testNgBeforeTest -->
        <test-method status="PASS" signature="setUpClass()[pri:0, instance:com.equalexperts.runners.TestNGRunner@6e6c3152]" name="setUpClass" is-config="true" duration-ms="133" started-at="2019-11-14T00:36:23 GMT" finished-at="2019-11-14T00:36:23 GMT">
          <reporter-output>
          </reporter-output>
        </test-method> <!-- setUpClass -->
        <test-method status="PASS" signature="runScenario(io.cucumber.testng.PickleEventWrapper, io.cucumber.testng.CucumberFeatureWrapper)[pri:0, instance:com.equalexperts.runners.TestNGRunner@6e6c3152]" name="runScenario" duration-ms="2809" started-at="2019-11-14T00:36:23 GMT" description="Runs Cucumber Scenarios" data-provider="scenarios" finished-at="2019-11-14T00:36:26 GMT">
          <params>
            <param index="0">
              <value>
                <![CDATA["Get all bookings using GET call"]]>
              </value>
            </param>
            <param index="1">
              <value>
                <![CDATA["User should be able to View , Create and Delete Bookings using API calls"]]>
              </value>
            </param>
          </params>
          <reporter-output>
          </reporter-output>
        </test-method> <!-- runScenario -->
        <test-method status="PASS" signature="runScenario(io.cucumber.testng.PickleEventWrapper, io.cucumber.testng.CucumberFeatureWrapper)[pri:0, instance:com.equalexperts.runners.TestNGRunner@6e6c3152]" name="runScenario" duration-ms="123" started-at="2019-11-14T00:36:26 GMT" description="Runs Cucumber Scenarios" data-provider="scenarios" finished-at="2019-11-14T00:36:26 GMT">
          <params>
            <param index="0">
              <value>
                <![CDATA["Create a booking using POST call"]]>
              </value>
            </param>
            <param index="1">
              <value>
                <![CDATA["User should be able to View , Create and Delete Bookings using API calls"]]>
              </value>
            </param>
          </params>
          <reporter-output>
          </reporter-output>
        </test-method> <!-- runScenario -->
        <test-method status="PASS" signature="runScenario(io.cucumber.testng.PickleEventWrapper, io.cucumber.testng.CucumberFeatureWrapper)[pri:0, instance:com.equalexperts.runners.TestNGRunner@6e6c3152]" name="runScenario" duration-ms="21437" started-at="2019-11-14T00:36:26 GMT" description="Runs Cucumber Scenarios" data-provider="scenarios" finished-at="2019-11-14T00:36:48 GMT">
          <params>
            <param index="0">
              <value>
                <![CDATA[""]]>
              </value>
            </param>
            <param index="1">
              <value>
                <![CDATA["Booking Creation and Deletion"]]>
              </value>
            </param>
          </params>
          <reporter-output>
          </reporter-output>
        </test-method> <!-- runScenario -->
        <test-method status="PASS" signature="runScenario(io.cucumber.testng.PickleEventWrapper, io.cucumber.testng.CucumberFeatureWrapper)[pri:0, instance:com.equalexperts.runners.TestNGRunner@6e6c3152]" name="runScenario" duration-ms="20526" started-at="2019-11-14T00:36:48 GMT" description="Runs Cucumber Scenarios" data-provider="scenarios" finished-at="2019-11-14T00:37:08 GMT">
          <params>
            <param index="0">
              <value>
                <![CDATA[""]]>
              </value>
            </param>
            <param index="1">
              <value>
                <![CDATA["Booking Creation and Deletion"]]>
              </value>
            </param>
          </params>
          <reporter-output>
          </reporter-output>
        </test-method> <!-- runScenario -->
        <test-method status="PASS" signature="runScenario(io.cucumber.testng.PickleEventWrapper, io.cucumber.testng.CucumberFeatureWrapper)[pri:0, instance:com.equalexperts.runners.TestNGRunner@6e6c3152]" name="runScenario" duration-ms="16832" started-at="2019-11-14T00:37:08 GMT" description="Runs Cucumber Scenarios" data-provider="scenarios" finished-at="2019-11-14T00:37:25 GMT">
          <params>
            <param index="0">
              <value>
                <![CDATA[""]]>
              </value>
            </param>
            <param index="1">
              <value>
                <![CDATA["Booking Creation and Deletion"]]>
              </value>
            </param>
          </params>
          <reporter-output>
          </reporter-output>
        </test-method> <!-- runScenario -->
        <test-method status="PASS" signature="tearDownClass()[pri:0, instance:com.equalexperts.runners.TestNGRunner@6e6c3152]" name="tearDownClass" is-config="true" duration-ms="126" started-at="2019-11-14T00:37:25 GMT" finished-at="2019-11-14T00:37:25 GMT">
          <reporter-output>
          </reporter-output>
        </test-method> <!-- tearDownClass -->
        <test-method status="PASS" signature="testNgAfterTest()[pri:0, instance:com.equalexperts.runners.TestNGRunner@6e6c3152]" name="testNgAfterTest" is-config="true" duration-ms="0" started-at="2019-11-14T00:37:25 GMT" finished-at="2019-11-14T00:37:25 GMT">
          <reporter-output>
          </reporter-output>
        </test-method> <!-- testNgAfterTest -->
      </class> <!-- com.equalexperts.runners.TestNGRunner -->
    </test> <!-- Surefire test -->
  </suite> <!-- Surefire suite -->
</testng-results>
