<?xml version="1.0" encoding="UTF-8"?>
<!-- Generated by org.testng.reporters.JUnitXMLReporter -->
<testsuite hostname="DESKTOP-O2V6U4O" ignored="0" name="Surefire test" tests="5" failures="0" timestamp="2019-11-14T00:37:25 GMT" time="62.099" errors="0">
  <testcase name="runScenario" time="2.809" classname="com.equalexperts.runners.TestNGRunner"/>
  <testcase name="runScenario" time="0.123" classname="com.equalexperts.runners.TestNGRunner"/>
  <testcase name="runScenario" time="21.437" classname="com.equalexperts.runners.TestNGRunner"/>
  <testcase name="runScenario" time="20.526" classname="com.equalexperts.runners.TestNGRunner"/>
  <testcase name="runScenario" time="16.832" classname="com.equalexperts.runners.TestNGRunner"/>
</testsuite> <!-- Surefire test -->
